
T1478 136:978 SEGGER J-Link V6.18a Log File (0001ms, 1068ms total)
T1478 136:978 DLL Compiled: Aug 11 2017 17:53:19 (0001ms, 1068ms total)
T1478 136:978 Logging started @ 2017-12-26 18:12 (0001ms, 1068ms total)
T1478 136:989 JLINK_ExecCommand("Device = ATSAML21J18B", ...).   returns 0x00 (0007ms, 1075ms total)
T1478 137:010 JLINK_ExecCommand("ProjectFile = C:\Users\carlos\Dropbox\Projetos\CoinCellContest\Software\AtmelStudio - Git\LED_TOGGLE1\LED_TOGGLE1\jlink.config", ...).   returns 0x00 (0002ms, 1077ms total)
T1478 137:012 JLINK_ExecCommand("ShowControlPanel", ...).   returns 0x00 (0198ms, 1275ms total)
T1A28 137:350 JLINK_EMU_GetList(InterfaceMask = 0x00000001, MaxInfos = 0x00000032) [0]: USB, S/N: 518111137  returns 0x01 (0000ms, 1275ms total)
T1A28 137:350 JLINK_EMU_GetList(InterfaceMask = 0x00000002, MaxInfos = 0x00000032)   returns 0x00 (0024ms, 1299ms total)
T1A28 138:471 JLINK_EMU_GetList(InterfaceMask = 0x00000001, MaxInfos = 0x00000032) [0]: USB, S/N: 518111137  returns 0x01 (0001ms, 1300ms total)
T1A28 138:472 JLINK_EMU_GetList(InterfaceMask = 0x00000002, MaxInfos = 0x00000032)   returns 0x00 (0023ms, 1323ms total)
T1A28 139:588 JLINK_EMU_GetList(InterfaceMask = 0x00000001, MaxInfos = 0x00000032) [0]: USB, S/N: 518111137  returns 0x01 (0000ms, 1323ms total)
T1A28 139:588 JLINK_EMU_GetList(InterfaceMask = 0x00000002, MaxInfos = 0x00000032)   returns 0x00 (0043ms, 1366ms total)
T1A28 140:725 JLINK_EMU_GetList(InterfaceMask = 0x00000001, MaxInfos = 0x00000032) [0]: USB, S/N: 518111137  returns 0x01 (0001ms, 1367ms total)
T1A28 140:726 JLINK_EMU_GetList(InterfaceMask = 0x00000002, MaxInfos = 0x00000032)   returns 0x00 (0024ms, 1391ms total)
T1A28 141:865 JLINK_EMU_GetList(InterfaceMask = 0x00000001, MaxInfos = 0x00000032) [0]: USB, S/N: 518111137  returns 0x01 (0000ms, 1391ms total)
T1A28 141:865 JLINK_EMU_GetList(InterfaceMask = 0x00000002, MaxInfos = 0x00000032)   returns 0x00 (0024ms, 1415ms total)
T1A28 142:988 JLINK_EMU_GetList(InterfaceMask = 0x00000001, MaxInfos = 0x00000032) [0]: USB, S/N: 518111137  returns 0x01 (0000ms, 1415ms total)
T1A28 142:988 JLINK_EMU_GetList(InterfaceMask = 0x00000002, MaxInfos = 0x00000032)   returns 0x00 (0024ms, 1439ms total)
T1A28 144:106 JLINK_EMU_GetList(InterfaceMask = 0x00000001, MaxInfos = 0x00000032) [0]: USB, S/N: 518111137  returns 0x01 (0000ms, 1439ms total)
T1A28 144:106 JLINK_EMU_GetList(InterfaceMask = 0x00000002, MaxInfos = 0x00000032)   returns 0x00 (0023ms, 1462ms total)
T1A28 145:220 JLINK_EMU_GetList(InterfaceMask = 0x00000001, MaxInfos = 0x00000032) [0]: USB, S/N: 518111137  returns 0x01 (0000ms, 1462ms total)
T1A28 145:220 JLINK_EMU_GetList(InterfaceMask = 0x00000002, MaxInfos = 0x00000032)   returns 0x00 (0024ms, 1486ms total)
T1A28 146:340 JLINK_EMU_GetList(InterfaceMask = 0x00000001, MaxInfos = 0x00000032) [0]: USB, S/N: 518111137  returns 0x01 (0000ms, 1486ms total)
T1A28 146:340 JLINK_EMU_GetList(InterfaceMask = 0x00000002, MaxInfos = 0x00000032)   returns 0x00 (0024ms, 1510ms total)
T1A28 147:462 JLINK_EMU_GetList(InterfaceMask = 0x00000001, MaxInfos = 0x00000032) [0]: USB, S/N: 518111137  returns 0x01 (0000ms, 1510ms total)
T1A28 147:462 JLINK_EMU_GetList(InterfaceMask = 0x00000002, MaxInfos = 0x00000032)   returns 0x00 (0024ms, 1534ms total)
T1A28 148:581 JLINK_EMU_GetList(InterfaceMask = 0x00000001, MaxInfos = 0x00000032) [0]: USB, S/N: 518111137  returns 0x01 (0000ms, 1534ms total)
T1A28 148:581 JLINK_EMU_GetList(InterfaceMask = 0x00000002, MaxInfos = 0x00000032)   returns 0x00 (0024ms, 1558ms total)
T1A28 149:696 JLINK_EMU_GetList(InterfaceMask = 0x00000001, MaxInfos = 0x00000032) [0]: USB, S/N: 518111137  returns 0x01 (0000ms, 1558ms total)
T1A28 149:696 JLINK_EMU_GetList(InterfaceMask = 0x00000002, MaxInfos = 0x00000032)   returns 0x00 (0024ms, 1582ms total)
T1A28 150:811 JLINK_EMU_GetList(InterfaceMask = 0x00000001, MaxInfos = 0x00000032) [0]: USB, S/N: 518111137  returns 0x01 (0001ms, 1583ms total)
T1A28 150:812 JLINK_EMU_GetList(InterfaceMask = 0x00000002, MaxInfos = 0x00000032)   returns 0x00 (0023ms, 1606ms total)
T1A28 151:934 JLINK_EMU_GetList(InterfaceMask = 0x00000001, MaxInfos = 0x00000032) [0]: USB, S/N: 518111137  returns 0x01 (0000ms, 1606ms total)
T1A28 151:934 JLINK_EMU_GetList(InterfaceMask = 0x00000002, MaxInfos = 0x00000032)   returns 0x00 (0023ms, 1629ms total)
T1A28 153:056 JLINK_EMU_GetList(InterfaceMask = 0x00000001, MaxInfos = 0x00000032) [0]: USB, S/N: 518111137  returns 0x01 (0001ms, 1630ms total)
T1A28 153:057 JLINK_EMU_GetList(InterfaceMask = 0x00000002, MaxInfos = 0x00000032)   returns 0x00 (0023ms, 1653ms total)
T1A28 154:170 JLINK_EMU_GetList(InterfaceMask = 0x00000001, MaxInfos = 0x00000032) [0]: USB, S/N: 518111137  returns 0x01 (0000ms, 1653ms total)
T1A28 154:170 JLINK_EMU_GetList(InterfaceMask = 0x00000002, MaxInfos = 0x00000032)   returns 0x00 (0024ms, 1677ms total)
T1A28 155:287 JLINK_EMU_GetList(InterfaceMask = 0x00000001, MaxInfos = 0x00000032) [0]: USB, S/N: 518111137  returns 0x01 (0001ms, 1678ms total)
T1A28 155:288 JLINK_EMU_GetList(InterfaceMask = 0x00000002, MaxInfos = 0x00000032)   returns 0x00 (0024ms, 1702ms total)
T1A28 156:407 JLINK_EMU_GetList(InterfaceMask = 0x00000001, MaxInfos = 0x00000032) [0]: USB, S/N: 518111137  returns 0x01 (0000ms, 1702ms total)
T1A28 156:407 JLINK_EMU_GetList(InterfaceMask = 0x00000002, MaxInfos = 0x00000032)   returns 0x00 (0024ms, 1726ms total)
T1A28 157:531 JLINK_EMU_GetList(InterfaceMask = 0x00000001, MaxInfos = 0x00000032) [0]: USB, S/N: 518111137  returns 0x01 (0000ms, 1726ms total)
T1A28 157:531 JLINK_EMU_GetList(InterfaceMask = 0x00000002, MaxInfos = 0x00000032)   returns 0x00 (0024ms, 1750ms total)
T1A28 158:662 JLINK_EMU_GetList(InterfaceMask = 0x00000001, MaxInfos = 0x00000032) [0]: USB, S/N: 518111137  returns 0x01 (0000ms, 1750ms total)
T1A28 158:663 JLINK_EMU_GetList(InterfaceMask = 0x00000002, MaxInfos = 0x00000032)   returns 0x00 (0023ms, 1773ms total)
T1A28 159:782 JLINK_EMU_GetList(InterfaceMask = 0x00000001, MaxInfos = 0x00000032) [0]: USB, S/N: 518111137  returns 0x01 (0000ms, 1773ms total)
T1A28 159:782 JLINK_EMU_GetList(InterfaceMask = 0x00000002, MaxInfos = 0x00000032)   returns 0x00 (0024ms, 1797ms total)
T1A28 160:907 JLINK_EMU_GetList(InterfaceMask = 0x00000001, MaxInfos = 0x00000032) [0]: USB, S/N: 518111137  returns 0x01 (0000ms, 1797ms total)
T1A28 160:908 JLINK_EMU_GetList(InterfaceMask = 0x00000002, MaxInfos = 0x00000032)   returns 0x00 (0023ms, 1820ms total)
T1A28 162:024 JLINK_EMU_GetList(InterfaceMask = 0x00000001, MaxInfos = 0x00000032) [0]: USB, S/N: 518111137  returns 0x01 (0000ms, 1820ms total)
T1A28 162:024 JLINK_EMU_GetList(InterfaceMask = 0x00000002, MaxInfos = 0x00000032)   returns 0x00 (0024ms, 1844ms total)
T1A28 163:151 JLINK_EMU_GetList(InterfaceMask = 0x00000001, MaxInfos = 0x00000032) [0]: USB, S/N: 518111137  returns 0x01 (0001ms, 1845ms total)
T1A28 163:152 JLINK_EMU_GetList(InterfaceMask = 0x00000002, MaxInfos = 0x00000032)   returns 0x00 (0023ms, 1868ms total)
T1A28 164:282 JLINK_EMU_GetList(InterfaceMask = 0x00000001, MaxInfos = 0x00000032) [0]: USB, S/N: 518111137  returns 0x01 (0000ms, 1868ms total)
T1A28 164:283 JLINK_EMU_GetList(InterfaceMask = 0x00000002, MaxInfos = 0x00000032)   returns 0x00 (0024ms, 1893ms total)
T1A28 165:410 JLINK_EMU_GetList(InterfaceMask = 0x00000001, MaxInfos = 0x00000032) [0]: USB, S/N: 518111137  returns 0x01 (0001ms, 1894ms total)
T1A28 165:411 JLINK_EMU_GetList(InterfaceMask = 0x00000002, MaxInfos = 0x00000032)   returns 0x00 (0024ms, 1918ms total)
T1A28 166:536 JLINK_EMU_GetList(InterfaceMask = 0x00000001, MaxInfos = 0x00000032) [0]: USB, S/N: 518111137  returns 0x01 (0000ms, 1918ms total)
T1A28 166:536 JLINK_EMU_GetList(InterfaceMask = 0x00000002, MaxInfos = 0x00000032)   returns 0x00 (0023ms, 1941ms total)
T1A28 167:660 JLINK_EMU_GetList(InterfaceMask = 0x00000001, MaxInfos = 0x00000032) [0]: USB, S/N: 518111137  returns 0x01 (0000ms, 1941ms total)
T1A28 167:660 JLINK_EMU_GetList(InterfaceMask = 0x00000002, MaxInfos = 0x00000032)   returns 0x00 (0024ms, 1965ms total)
T1A28 168:785 JLINK_EMU_GetList(InterfaceMask = 0x00000001, MaxInfos = 0x00000032) [0]: USB, S/N: 518111137  returns 0x01 (0000ms, 1965ms total)
T1A28 168:785 JLINK_EMU_GetList(InterfaceMask = 0x00000002, MaxInfos = 0x00000032)   returns 0x00 (0024ms, 1989ms total)
T1A28 169:929 JLINK_EMU_GetList(InterfaceMask = 0x00000001, MaxInfos = 0x00000032) [0]: USB, S/N: 518111137  returns 0x01 (0000ms, 1989ms total)
T1A28 169:929 JLINK_EMU_GetList(InterfaceMask = 0x00000002, MaxInfos = 0x00000032)   returns 0x00 (0023ms, 2012ms total)
T1A28 171:060 JLINK_EMU_GetList(InterfaceMask = 0x00000001, MaxInfos = 0x00000032) [0]: USB, S/N: 518111137  returns 0x01 (0000ms, 2012ms total)
T1A28 171:060 JLINK_EMU_GetList(InterfaceMask = 0x00000002, MaxInfos = 0x00000032)   returns 0x00 (0024ms, 2036ms total)
T1A28 172:193 JLINK_EMU_GetList(InterfaceMask = 0x00000001, MaxInfos = 0x00000032) [0]: USB, S/N: 518111137  returns 0x01 (0000ms, 2036ms total)
T1A28 172:193 JLINK_EMU_GetList(InterfaceMask = 0x00000002, MaxInfos = 0x00000032)   returns 0x00 (0025ms, 2061ms total)
T1A28 173:312 JLINK_EMU_GetList(InterfaceMask = 0x00000001, MaxInfos = 0x00000032) [0]: USB, S/N: 518111137  returns 0x01 (0000ms, 2061ms total)
T1A28 173:313 JLINK_EMU_GetList(InterfaceMask = 0x00000002, MaxInfos = 0x00000032)   returns 0x00 (0023ms, 2084ms total)
T1A28 174:433 JLINK_EMU_GetList(InterfaceMask = 0x00000001, MaxInfos = 0x00000032) [0]: USB, S/N: 518111137  returns 0x01 (0001ms, 2085ms total)
T1A28 174:434 JLINK_EMU_GetList(InterfaceMask = 0x00000002, MaxInfos = 0x00000032)   returns 0x00 (0023ms, 2108ms total)
T1A28 175:586 JLINK_EMU_GetList(InterfaceMask = 0x00000001, MaxInfos = 0x00000032) [0]: USB, S/N: 518111137  returns 0x01 (0001ms, 2109ms total)
T1A28 175:587 JLINK_EMU_GetList(InterfaceMask = 0x00000002, MaxInfos = 0x00000032)   returns 0x00 (0023ms, 2132ms total)
T1A28 176:721 JLINK_EMU_GetList(InterfaceMask = 0x00000001, MaxInfos = 0x00000032) [0]: USB, S/N: 518111137  returns 0x01 (0000ms, 2132ms total)
T1A28 176:722 JLINK_EMU_GetList(InterfaceMask = 0x00000002, MaxInfos = 0x00000032)   returns 0x00 (0023ms, 2155ms total)
T1A28 177:838 JLINK_EMU_GetList(InterfaceMask = 0x00000001, MaxInfos = 0x00000032) [0]: USB, S/N: 518111137  returns 0x01 (0000ms, 2155ms total)
T1A28 177:838 JLINK_EMU_GetList(InterfaceMask = 0x00000002, MaxInfos = 0x00000032)   returns 0x00 (0023ms, 2178ms total)
T1A28 179:023 JLINK_EMU_GetList(InterfaceMask = 0x00000001, MaxInfos = 0x00000032) [0]: USB, S/N: 518111137  returns 0x01 (0000ms, 2178ms total)
T1A28 179:023 JLINK_EMU_GetList(InterfaceMask = 0x00000002, MaxInfos = 0x00000032)   returns 0x00 (0024ms, 2202ms total)
T1A28 180:194 JLINK_EMU_GetList(InterfaceMask = 0x00000001, MaxInfos = 0x00000032) [0]: USB, S/N: 518111137  returns 0x01 (0000ms, 2202ms total)
T1A28 180:194 JLINK_EMU_GetList(InterfaceMask = 0x00000002, MaxInfos = 0x00000032)   returns 0x00 (0023ms, 2225ms total)
T1A28 181:346 JLINK_EMU_GetList(InterfaceMask = 0x00000001, MaxInfos = 0x00000032) [0]: USB, S/N: 518111137  returns 0x01 (0000ms, 2225ms total)
T1A28 181:346 JLINK_EMU_GetList(InterfaceMask = 0x00000002, MaxInfos = 0x00000032)   returns 0x00 (0023ms, 2248ms total)
T1A28 182:460 JLINK_EMU_GetList(InterfaceMask = 0x00000001, MaxInfos = 0x00000032) [0]: USB, S/N: 518111137  returns 0x01 (0000ms, 2248ms total)
T1A28 182:460 JLINK_EMU_GetList(InterfaceMask = 0x00000002, MaxInfos = 0x00000032)   returns 0x00 (0023ms, 2271ms total)
T1A28 183:601 JLINK_EMU_GetList(InterfaceMask = 0x00000001, MaxInfos = 0x00000032) [0]: USB, S/N: 518111137  returns 0x01 (0000ms, 2271ms total)
T1A28 183:601 JLINK_EMU_GetList(InterfaceMask = 0x00000002, MaxInfos = 0x00000032)   returns 0x00 (0023ms, 2294ms total)
T1A28 184:756 JLINK_EMU_GetList(InterfaceMask = 0x00000001, MaxInfos = 0x00000032) [0]: USB, S/N: 518111137  returns 0x01 (0000ms, 2294ms total)
T1A28 184:756 JLINK_EMU_GetList(InterfaceMask = 0x00000002, MaxInfos = 0x00000032)   returns 0x00 (0023ms, 2317ms total)
T1A28 185:924 JLINK_EMU_GetList(InterfaceMask = 0x00000001, MaxInfos = 0x00000032) [0]: USB, S/N: 518111137  returns 0x01 (0000ms, 2317ms total)
T1A28 185:924 JLINK_EMU_GetList(InterfaceMask = 0x00000002, MaxInfos = 0x00000032)   returns 0x00 (0023ms, 2340ms total)
T1A28 187:082 JLINK_EMU_GetList(InterfaceMask = 0x00000001, MaxInfos = 0x00000032) [0]: USB, S/N: 518111137  returns 0x01 (0000ms, 2340ms total)
T1A28 187:082 JLINK_EMU_GetList(InterfaceMask = 0x00000002, MaxInfos = 0x00000032)   returns 0x00 (0023ms, 2363ms total)
T1A28 188:233 JLINK_EMU_GetList(InterfaceMask = 0x00000001, MaxInfos = 0x00000032) [0]: USB, S/N: 518111137  returns 0x01 (0001ms, 2364ms total)
T1A28 188:234 JLINK_EMU_GetList(InterfaceMask = 0x00000002, MaxInfos = 0x00000032)   returns 0x00 (0023ms, 2387ms total)
T1A28 189:376 JLINK_EMU_GetList(InterfaceMask = 0x00000001, MaxInfos = 0x00000032) [0]: USB, S/N: 518111137  returns 0x01 (0000ms, 2387ms total)
T1A28 189:376 JLINK_EMU_GetList(InterfaceMask = 0x00000002, MaxInfos = 0x00000032)   returns 0x00 (0023ms, 2410ms total)
T1A28 190:520 JLINK_EMU_GetList(InterfaceMask = 0x00000001, MaxInfos = 0x00000032) [0]: USB, S/N: 518111137  returns 0x01 (0001ms, 2411ms total)
T1A28 190:521 JLINK_EMU_GetList(InterfaceMask = 0x00000002, MaxInfos = 0x00000032)   returns 0x00 (0023ms, 2434ms total)
T1A28 191:678 JLINK_EMU_GetList(InterfaceMask = 0x00000001, MaxInfos = 0x00000032) [0]: USB, S/N: 518111137  returns 0x01 (0000ms, 2434ms total)
T1A28 191:678 JLINK_EMU_GetList(InterfaceMask = 0x00000002, MaxInfos = 0x00000032)   returns 0x00 (0023ms, 2457ms total)
T1A28 192:834 JLINK_EMU_GetList(InterfaceMask = 0x00000001, MaxInfos = 0x00000032) [0]: USB, S/N: 518111137  returns 0x01 (0000ms, 2457ms total)
T1A28 192:834 JLINK_EMU_GetList(InterfaceMask = 0x00000002, MaxInfos = 0x00000032)   returns 0x00 (0023ms, 2480ms total)
T1A28 193:997 JLINK_EMU_GetList(InterfaceMask = 0x00000001, MaxInfos = 0x00000032) [0]: USB, S/N: 518111137  returns 0x01 (0000ms, 2480ms total)
T1A28 193:997 JLINK_EMU_GetList(InterfaceMask = 0x00000002, MaxInfos = 0x00000032)   returns 0x00 (0023ms, 2503ms total)
T1A28 195:141 JLINK_EMU_GetList(InterfaceMask = 0x00000001, MaxInfos = 0x00000032) [0]: USB, S/N: 518111137  returns 0x01 (0000ms, 2503ms total)
T1A28 195:141 JLINK_EMU_GetList(InterfaceMask = 0x00000002, MaxInfos = 0x00000032)   returns 0x00 (0023ms, 2526ms total)
T1A28 196:306 JLINK_EMU_GetList(InterfaceMask = 0x00000001, MaxInfos = 0x00000032) [0]: USB, S/N: 518111137  returns 0x01 (0001ms, 2527ms total)
T1A28 196:307 JLINK_EMU_GetList(InterfaceMask = 0x00000002, MaxInfos = 0x00000032)   returns 0x00 (0023ms, 2550ms total)
T1A28 197:493 JLINK_EMU_GetList(InterfaceMask = 0x00000001, MaxInfos = 0x00000032) [0]: USB, S/N: 518111137  returns 0x01 (0000ms, 2550ms total)
T1A28 197:493 JLINK_EMU_GetList(InterfaceMask = 0x00000002, MaxInfos = 0x00000032)   returns 0x00 (0024ms, 2574ms total)
T1A28 198:668 JLINK_EMU_GetList(InterfaceMask = 0x00000001, MaxInfos = 0x00000032) [0]: USB, S/N: 518111137  returns 0x01 (0001ms, 2575ms total)
T1A28 198:669 JLINK_EMU_GetList(InterfaceMask = 0x00000002, MaxInfos = 0x00000032)   returns 0x00 (0023ms, 2598ms total)
T1A28 199:837 JLINK_EMU_GetList(InterfaceMask = 0x00000001, MaxInfos = 0x00000032) [0]: USB, S/N: 518111137  returns 0x01 (0000ms, 2598ms total)
T1A28 199:837 JLINK_EMU_GetList(InterfaceMask = 0x00000002, MaxInfos = 0x00000032)   returns 0x00 (0024ms, 2622ms total)
T1A28 200:971 JLINK_EMU_GetList(InterfaceMask = 0x00000001, MaxInfos = 0x00000032) [0]: USB, S/N: 518111137  returns 0x01 (0000ms, 2622ms total)
T1A28 200:971 JLINK_EMU_GetList(InterfaceMask = 0x00000002, MaxInfos = 0x00000032)   returns 0x00 (0023ms, 2645ms total)
T1A28 202:122 JLINK_EMU_GetList(InterfaceMask = 0x00000001, MaxInfos = 0x00000032) [0]: USB, S/N: 518111137  returns 0x01 (0000ms, 2645ms total)
T1A28 202:122 JLINK_EMU_GetList(InterfaceMask = 0x00000002, MaxInfos = 0x00000032)   returns 0x00 (0024ms, 2669ms total)
T1A28 203:280 JLINK_EMU_GetList(InterfaceMask = 0x00000001, MaxInfos = 0x00000032) [0]: USB, S/N: 518111137  returns 0x01 (0000ms, 2669ms total)
T1A28 203:280 JLINK_EMU_GetList(InterfaceMask = 0x00000002, MaxInfos = 0x00000032)   returns 0x00 (0023ms, 2692ms total)
T1A28 204:431 JLINK_EMU_GetList(InterfaceMask = 0x00000001, MaxInfos = 0x00000032) [0]: USB, S/N: 518111137  returns 0x01 (0000ms, 2692ms total)
T1A28 204:431 JLINK_EMU_GetList(InterfaceMask = 0x00000002, MaxInfos = 0x00000032)   returns 0x00 (0023ms, 2715ms total)
T1A28 205:590 JLINK_EMU_GetList(InterfaceMask = 0x00000001, MaxInfos = 0x00000032) [0]: USB, S/N: 518111137  returns 0x01 (0000ms, 2715ms total)
T1A28 205:590 JLINK_EMU_GetList(InterfaceMask = 0x00000002, MaxInfos = 0x00000032)   returns 0x00 (0023ms, 2738ms total)
T1A28 206:743 JLINK_EMU_GetList(InterfaceMask = 0x00000001, MaxInfos = 0x00000032) [0]: USB, S/N: 518111137  returns 0x01 (0000ms, 2738ms total)
T1A28 206:743 JLINK_EMU_GetList(InterfaceMask = 0x00000002, MaxInfos = 0x00000032)   returns 0x00 (0023ms, 2761ms total)
T1A28 207:884 JLINK_EMU_GetList(InterfaceMask = 0x00000001, MaxInfos = 0x00000032) [0]: USB, S/N: 518111137  returns 0x01 (0000ms, 2761ms total)
T1A28 207:884 JLINK_EMU_GetList(InterfaceMask = 0x00000002, MaxInfos = 0x00000032)   returns 0x00 (0023ms, 2784ms total)
T1A28 208:997 JLINK_EMU_GetList(InterfaceMask = 0x00000001, MaxInfos = 0x00000032) [0]: USB, S/N: 518111137  returns 0x01 (0000ms, 2784ms total)
T1A28 208:997 JLINK_EMU_GetList(InterfaceMask = 0x00000002, MaxInfos = 0x00000032)   returns 0x00 (0023ms, 2807ms total)
T1A28 210:118 JLINK_EMU_GetList(InterfaceMask = 0x00000001, MaxInfos = 0x00000032) [0]: USB, S/N: 518111137  returns 0x01 (0000ms, 2807ms total)
T1A28 210:118 JLINK_EMU_GetList(InterfaceMask = 0x00000002, MaxInfos = 0x00000032)   returns 0x00 (0028ms, 2835ms total)
T1A28 211:262 JLINK_EMU_GetList(InterfaceMask = 0x00000001, MaxInfos = 0x00000032) [0]: USB, S/N: 518111137  returns 0x01 (0000ms, 2835ms total)
T1A28 211:262 JLINK_EMU_GetList(InterfaceMask = 0x00000002, MaxInfos = 0x00000032)   returns 0x00 (0024ms, 2859ms total)
T1A28 212:382 JLINK_EMU_GetList(InterfaceMask = 0x00000001, MaxInfos = 0x00000032) [0]: USB, S/N: 518111137  returns 0x01 (0000ms, 2859ms total)
T1A28 212:382 JLINK_EMU_GetList(InterfaceMask = 0x00000002, MaxInfos = 0x00000032)   returns 0x00 (0023ms, 2882ms total)
T1A28 213:510 JLINK_EMU_GetList(InterfaceMask = 0x00000001, MaxInfos = 0x00000032) [0]: USB, S/N: 518111137  returns 0x01 (0000ms, 2882ms total)
T1A28 213:510 JLINK_EMU_GetList(InterfaceMask = 0x00000002, MaxInfos = 0x00000032)   returns 0x00 (0023ms, 2905ms total)
T1A28 214:647 JLINK_EMU_GetList(InterfaceMask = 0x00000001, MaxInfos = 0x00000032) [0]: USB, S/N: 518111137  returns 0x01 (0001ms, 2906ms total)
T1A28 214:648 JLINK_EMU_GetList(InterfaceMask = 0x00000002, MaxInfos = 0x00000032)   returns 0x00 (0047ms, 2953ms total)
T1A28 215:794 JLINK_EMU_GetList(InterfaceMask = 0x00000001, MaxInfos = 0x00000032) [0]: USB, S/N: 518111137  returns 0x01 (0000ms, 2953ms total)
T1A28 215:794 JLINK_EMU_GetList(InterfaceMask = 0x00000002, MaxInfos = 0x00000032)   returns 0x00 (0023ms, 2976ms total)
T1A28 216:931 JLINK_EMU_GetList(InterfaceMask = 0x00000001, MaxInfos = 0x00000032) [0]: USB, S/N: 518111137  returns 0x01 (0000ms, 2976ms total)
T1A28 216:931 JLINK_EMU_GetList(InterfaceMask = 0x00000002, MaxInfos = 0x00000032)   returns 0x00 (0023ms, 2999ms total)
T1A28 218:086 JLINK_EMU_GetList(InterfaceMask = 0x00000001, MaxInfos = 0x00000032) [0]: USB, S/N: 518111137  returns 0x01 (0001ms, 3000ms total)
T1A28 218:087 JLINK_EMU_GetList(InterfaceMask = 0x00000002, MaxInfos = 0x00000032)   returns 0x00 (0023ms, 3023ms total)
T1A28 219:201 JLINK_EMU_GetList(InterfaceMask = 0x00000001, MaxInfos = 0x00000032) [0]: USB, S/N: 518111137  returns 0x01 (0000ms, 3023ms total)
T1A28 219:201 JLINK_EMU_GetList(InterfaceMask = 0x00000002, MaxInfos = 0x00000032)   returns 0x00 (0024ms, 3047ms total)
T1A28 220:315 JLINK_EMU_GetList(InterfaceMask = 0x00000001, MaxInfos = 0x00000032) [0]: USB, S/N: 518111137  returns 0x01 (0000ms, 3047ms total)
T1A28 220:315 JLINK_EMU_GetList(InterfaceMask = 0x00000002, MaxInfos = 0x00000032)   returns 0x00 (0023ms, 3070ms total)
T1A28 221:455 JLINK_EMU_GetList(InterfaceMask = 0x00000001, MaxInfos = 0x00000032) [0]: USB, S/N: 518111137  returns 0x01 (0000ms, 3070ms total)
T1A28 221:455 JLINK_EMU_GetList(InterfaceMask = 0x00000002, MaxInfos = 0x00000032)   returns 0x00 (0023ms, 3093ms total)
T1A28 222:593 JLINK_EMU_GetList(InterfaceMask = 0x00000001, MaxInfos = 0x00000032) [0]: USB, S/N: 518111137  returns 0x01 (0000ms, 3093ms total)
T1A28 222:593 JLINK_EMU_GetList(InterfaceMask = 0x00000002, MaxInfos = 0x00000032)   returns 0x00 (0023ms, 3116ms total)
T1478 577:929 JLINK_Close() (0012ms, 3128ms total)
T1478 577:929  (0012ms, 3128ms total)
T1478 577:929 Closed (0012ms, 3128ms total)
